2025-07-15 14:17:18,185 - server.data_storage - INFO - 데이터 저장소 초기화 완료: data
2025-07-15 14:17:18,185 - server.data_validation - INFO - 데이터 검증기 초기화 완료
2025-07-15 14:17:18,186 - server.main - INFO - SignGlove 데이터 수집 서버 시작
2025-07-15 14:17:18,187 - server.data_storage - INFO - 일일 파일 생성 완료: 20250715
2025-07-15 14:17:18,187 - server.data_storage - INFO - 데이터 저장소 초기화 완료
2025-07-15 14:22:47,849 - server.main - INFO - SignGlove 데이터 수집 서버 종료
2025-07-15 14:22:47,849 - server.data_storage - INFO - 통계 데이터 저장 완료
2025-07-15 14:22:47,851 - server.data_storage - INFO - 데이터 백업 완료: data/backup/backup_20250715_142247
2025-07-15 14:22:47,851 - server.data_storage - INFO - 데이터 저장소 정리 완료
2025-07-15 14:27:02,205 - server.data_storage - INFO - 데이터 저장소 초기화 완료: data
2025-07-15 14:27:02,205 - server.data_validation - INFO - 데이터 검증기 초기화 완료
2025-07-15 14:27:02,208 - server.main - INFO - SignGlove 데이터 수집 서버 시작
2025-07-15 14:27:02,208 - server.data_storage - INFO - 기존 통계 데이터 로드 완료
2025-07-15 14:27:02,208 - server.data_storage - INFO - 일일 파일 생성 완료: 20250715
2025-07-15 14:27:02,208 - server.data_storage - INFO - 데이터 저장소 초기화 완료
2025-07-15 14:27:41,303 - server.main - INFO - SignGlove 데이터 수집 서버 종료
2025-07-15 14:27:41,304 - server.data_storage - INFO - 통계 데이터 저장 완료
2025-07-15 14:27:41,305 - server.data_storage - INFO - 데이터 백업 완료: data/backup/backup_20250715_142741
2025-07-15 14:27:41,305 - server.data_storage - INFO - 데이터 저장소 정리 완료
2025-07-15 14:29:26,905 - server.data_storage - INFO - 데이터 저장소 초기화 완료: data
2025-07-15 14:29:26,905 - server.data_validation - INFO - 데이터 검증기 초기화 완료
2025-07-15 14:29:26,908 - server.main - INFO - SignGlove 데이터 수집 서버 시작
2025-07-15 14:29:26,908 - server.data_storage - INFO - 기존 통계 데이터 로드 완료
2025-07-15 14:29:26,908 - server.data_storage - INFO - 일일 파일 생성 완료: 20250715
2025-07-15 14:29:26,908 - server.data_storage - INFO - 데이터 저장소 초기화 완료
2025-07-15 14:31:00,669 - server.main - INFO - 센서 데이터 수집 완료: DUMMY_DEVICE_001
2025-07-15 14:31:00,747 - server.main - INFO - 센서 데이터 수집 완료: DUMMY_DEVICE_001
2025-07-15 14:31:00,805 - server.main - INFO - 센서 데이터 수집 완료: DUMMY_DEVICE_001
2025-07-15 14:31:00,866 - server.main - INFO - 센서 데이터 수집 완료: DUMMY_DEVICE_001
2025-07-15 14:31:00,924 - server.main - INFO - 센서 데이터 수집 완료: DUMMY_DEVICE_001
2025-07-15 14:31:00,983 - server.main - INFO - 센서 데이터 수집 완료: DUMMY_DEVICE_001
2025-07-15 14:31:01,042 - server.main - INFO - 센서 데이터 수집 완료: DUMMY_DEVICE_001
2025-07-15 14:31:01,101 - server.main - INFO - 센서 데이터 수집 완료: DUMMY_DEVICE_001
2025-07-15 14:31:01,162 - server.main - INFO - 센서 데이터 수집 완료: DUMMY_DEVICE_001
2025-07-15 14:31:01,221 - server.main - INFO - 센서 데이터 수집 완료: DUMMY_DEVICE_001
2025-07-15 14:31:01,280 - server.main - INFO - 센서 데이터 수집 완료: DUMMY_DEVICE_001
2025-07-15 14:31:01,338 - server.main - INFO - 센서 데이터 수집 완료: DUMMY_DEVICE_001
2025-07-15 14:31:01,396 - server.main - INFO - 센서 데이터 수집 완료: DUMMY_DEVICE_001
2025-07-15 14:31:01,454 - server.main - INFO - 센서 데이터 수집 완료: DUMMY_DEVICE_001
2025-07-15 14:31:01,516 - server.main - INFO - 센서 데이터 수집 완료: DUMMY_DEVICE_001
2025-07-15 14:31:01,575 - server.main - INFO - 센서 데이터 수집 완료: DUMMY_DEVICE_001
2025-07-15 14:31:01,633 - server.main - INFO - 센서 데이터 수집 완료: DUMMY_DEVICE_001
2025-07-15 14:31:01,691 - server.main - INFO - 센서 데이터 수집 완료: DUMMY_DEVICE_001
2025-07-15 14:31:01,749 - server.main - INFO - 센서 데이터 수집 완료: DUMMY_DEVICE_001
2025-07-15 14:31:01,808 - server.main - INFO - 센서 데이터 수집 완료: DUMMY_DEVICE_001
2025-07-15 14:31:01,870 - server.main - INFO - 센서 데이터 수집 완료: DUMMY_DEVICE_001
2025-07-15 14:31:01,936 - server.main - INFO - 센서 데이터 수집 완료: DUMMY_DEVICE_001
2025-07-15 14:31:01,994 - server.main - INFO - 센서 데이터 수집 완료: DUMMY_DEVICE_001
2025-07-15 14:31:02,052 - server.main - INFO - 센서 데이터 수집 완료: DUMMY_DEVICE_001
2025-07-15 14:31:02,111 - server.main - INFO - 센서 데이터 수집 완료: DUMMY_DEVICE_001
2025-07-15 14:31:02,170 - server.main - INFO - 센서 데이터 수집 완료: DUMMY_DEVICE_001
2025-07-15 14:31:02,232 - server.main - INFO - 센서 데이터 수집 완료: DUMMY_DEVICE_001
2025-07-15 14:31:02,290 - server.main - INFO - 센서 데이터 수집 완료: DUMMY_DEVICE_001
2025-07-15 14:31:02,349 - server.main - INFO - 센서 데이터 수집 완료: DUMMY_DEVICE_001
2025-07-15 14:31:02,407 - server.main - INFO - 센서 데이터 수집 완료: DUMMY_DEVICE_001
2025-07-15 14:31:02,465 - server.main - INFO - 센서 데이터 수집 완료: DUMMY_DEVICE_001
2025-07-15 14:31:02,523 - server.main - INFO - 센서 데이터 수집 완료: DUMMY_DEVICE_001
2025-07-15 14:31:02,585 - server.main - INFO - 센서 데이터 수집 완료: DUMMY_DEVICE_001
2025-07-15 14:31:02,643 - server.main - INFO - 센서 데이터 수집 완료: DUMMY_DEVICE_001
2025-07-15 14:31:02,701 - server.main - INFO - 센서 데이터 수집 완료: DUMMY_DEVICE_001
2025-07-15 14:31:02,759 - server.main - INFO - 센서 데이터 수집 완료: DUMMY_DEVICE_001
2025-07-15 14:31:02,817 - server.main - INFO - 센서 데이터 수집 완료: DUMMY_DEVICE_001
2025-07-15 14:31:02,875 - server.main - INFO - 센서 데이터 수집 완료: DUMMY_DEVICE_001
2025-07-15 14:31:02,937 - server.main - INFO - 센서 데이터 수집 완료: DUMMY_DEVICE_001
2025-07-15 14:31:02,996 - server.main - INFO - 센서 데이터 수집 완료: DUMMY_DEVICE_001
2025-07-15 14:31:03,054 - server.main - INFO - 센서 데이터 수집 완료: DUMMY_DEVICE_001
2025-07-15 14:31:03,112 - server.main - INFO - 센서 데이터 수집 완료: DUMMY_DEVICE_001
2025-07-15 14:31:03,170 - server.main - INFO - 센서 데이터 수집 완료: DUMMY_DEVICE_001
2025-07-15 14:31:03,228 - server.main - INFO - 센서 데이터 수집 완료: DUMMY_DEVICE_001
2025-07-15 14:31:03,290 - server.main - INFO - 센서 데이터 수집 완료: DUMMY_DEVICE_001
2025-07-15 14:31:03,348 - server.main - INFO - 센서 데이터 수집 완료: DUMMY_DEVICE_001
2025-07-15 14:31:03,407 - server.main - INFO - 센서 데이터 수집 완료: DUMMY_DEVICE_001
2025-07-15 14:31:03,465 - server.main - INFO - 센서 데이터 수집 완료: DUMMY_DEVICE_001
2025-07-15 14:31:03,538 - server.main - INFO - 센서 데이터 수집 완료: DUMMY_DEVICE_001
2025-07-15 14:31:03,600 - server.main - INFO - 센서 데이터 수집 완료: DUMMY_DEVICE_001
2025-07-15 14:31:03,661 - server.main - INFO - 센서 데이터 수집 완료: DUMMY_DEVICE_001
2025-07-15 14:31:03,719 - server.main - INFO - 센서 데이터 수집 완료: DUMMY_DEVICE_001
2025-07-15 14:31:03,777 - server.main - INFO - 센서 데이터 수집 완료: DUMMY_DEVICE_001
2025-07-15 14:31:03,836 - server.main - INFO - 센서 데이터 수집 완료: DUMMY_DEVICE_001
2025-07-15 14:31:03,894 - server.main - INFO - 센서 데이터 수집 완료: DUMMY_DEVICE_001
2025-07-15 14:31:03,952 - server.main - INFO - 센서 데이터 수집 완료: DUMMY_DEVICE_001
2025-07-15 14:31:04,013 - server.main - INFO - 센서 데이터 수집 완료: DUMMY_DEVICE_001
2025-07-15 14:31:04,072 - server.main - INFO - 센서 데이터 수집 완료: DUMMY_DEVICE_001
2025-07-15 14:31:04,130 - server.main - INFO - 센서 데이터 수집 완료: DUMMY_DEVICE_001
2025-07-15 14:31:04,188 - server.main - INFO - 센서 데이터 수집 완료: DUMMY_DEVICE_001
2025-07-15 14:31:04,246 - server.main - INFO - 센서 데이터 수집 완료: DUMMY_DEVICE_001
2025-07-15 14:31:04,305 - server.main - INFO - 센서 데이터 수집 완료: DUMMY_DEVICE_001
2025-07-15 14:31:04,366 - server.main - INFO - 센서 데이터 수집 완료: DUMMY_DEVICE_001
2025-07-15 14:31:04,425 - server.main - INFO - 센서 데이터 수집 완료: DUMMY_DEVICE_001
2025-07-15 14:31:04,482 - server.main - INFO - 센서 데이터 수집 완료: DUMMY_DEVICE_001
2025-07-15 14:31:04,540 - server.main - INFO - 센서 데이터 수집 완료: DUMMY_DEVICE_001
2025-07-15 14:31:04,598 - server.main - INFO - 센서 데이터 수집 완료: DUMMY_DEVICE_001
2025-07-15 14:31:04,657 - server.main - INFO - 센서 데이터 수집 완료: DUMMY_DEVICE_001
2025-07-15 14:31:04,718 - server.main - INFO - 센서 데이터 수집 완료: DUMMY_DEVICE_001
2025-07-15 14:31:04,776 - server.main - INFO - 센서 데이터 수집 완료: DUMMY_DEVICE_001
2025-07-15 14:31:04,835 - server.main - INFO - 센서 데이터 수집 완료: DUMMY_DEVICE_001
2025-07-15 14:31:04,893 - server.main - INFO - 센서 데이터 수집 완료: DUMMY_DEVICE_001
2025-07-15 14:31:04,951 - server.main - INFO - 센서 데이터 수집 완료: DUMMY_DEVICE_001
2025-07-15 14:31:05,009 - server.main - INFO - 센서 데이터 수집 완료: DUMMY_DEVICE_001
2025-07-15 14:31:05,071 - server.main - INFO - 센서 데이터 수집 완료: DUMMY_DEVICE_001
2025-07-15 14:31:05,128 - server.main - INFO - 센서 데이터 수집 완료: DUMMY_DEVICE_001
2025-07-15 14:31:05,187 - server.main - INFO - 센서 데이터 수집 완료: DUMMY_DEVICE_001
2025-07-15 14:31:05,245 - server.main - INFO - 센서 데이터 수집 완료: DUMMY_DEVICE_001
2025-07-15 14:31:05,303 - server.main - INFO - 센서 데이터 수집 완료: DUMMY_DEVICE_001
2025-07-15 14:31:05,361 - server.main - INFO - 센서 데이터 수집 완료: DUMMY_DEVICE_001
2025-07-15 14:31:05,422 - server.main - INFO - 센서 데이터 수집 완료: DUMMY_DEVICE_001
2025-07-15 14:31:05,480 - server.main - INFO - 센서 데이터 수집 완료: DUMMY_DEVICE_001
2025-07-15 14:31:05,539 - server.main - INFO - 센서 데이터 수집 완료: DUMMY_DEVICE_001
2025-07-15 14:31:05,597 - server.main - INFO - 센서 데이터 수집 완료: DUMMY_DEVICE_001
2025-07-15 14:31:05,655 - server.main - INFO - 센서 데이터 수집 완료: DUMMY_DEVICE_001
2025-07-15 14:31:05,714 - server.main - INFO - 센서 데이터 수집 완료: DUMMY_DEVICE_001
2025-07-15 14:31:05,776 - server.main - INFO - 센서 데이터 수집 완료: DUMMY_DEVICE_001
2025-07-15 14:31:05,834 - server.main - INFO - 센서 데이터 수집 완료: DUMMY_DEVICE_001
2025-07-15 14:31:05,892 - server.main - INFO - 센서 데이터 수집 완료: DUMMY_DEVICE_001
2025-07-15 14:31:05,950 - server.main - INFO - 센서 데이터 수집 완료: DUMMY_DEVICE_001
2025-07-15 14:31:06,008 - server.main - INFO - 센서 데이터 수집 완료: DUMMY_DEVICE_001
2025-07-15 14:31:06,066 - server.main - INFO - 센서 데이터 수집 완료: DUMMY_DEVICE_001
2025-07-15 14:31:06,128 - server.main - INFO - 센서 데이터 수집 완료: DUMMY_DEVICE_001
2025-07-15 14:31:06,187 - server.main - INFO - 센서 데이터 수집 완료: DUMMY_DEVICE_001
2025-07-15 14:31:06,245 - server.main - INFO - 센서 데이터 수집 완료: DUMMY_DEVICE_001
2025-07-15 14:31:06,303 - server.main - INFO - 센서 데이터 수집 완료: DUMMY_DEVICE_001
2025-07-15 14:31:06,360 - server.main - INFO - 센서 데이터 수집 완료: DUMMY_DEVICE_001
2025-07-15 14:31:06,418 - server.main - INFO - 센서 데이터 수집 완료: DUMMY_DEVICE_001
2025-07-15 14:31:06,488 - server.main - INFO - 센서 데이터 수집 완료: DUMMY_DEVICE_001
2025-07-15 14:31:06,547 - server.main - INFO - 센서 데이터 수집 완료: DUMMY_DEVICE_001
2025-07-15 14:31:15,375 - server.main - INFO - 제스처 데이터 수집 완료: ㅜ
2025-07-15 14:31:16,008 - server.main - INFO - 제스처 데이터 수집 완료: 4
2025-07-15 14:31:17,513 - server.main - INFO - 제스처 데이터 수집 완료: ㅛ
2025-07-15 14:31:18,862 - server.main - INFO - 제스처 데이터 수집 완료: ㅛ
2025-07-15 14:31:20,373 - server.main - INFO - 제스처 데이터 수집 완료: 9
2025-07-15 14:33:20,709 - server.main - INFO - SignGlove 데이터 수집 서버 종료
2025-07-15 14:33:20,710 - server.data_storage - INFO - 통계 데이터 저장 완료
2025-07-15 14:33:20,711 - server.data_storage - INFO - 데이터 백업 완료: data/backup/backup_20250715_143320
2025-07-15 14:33:20,711 - server.data_storage - INFO - 데이터 저장소 정리 완료
